<?xml version="1.0" encoding="UTF-8"?>
<!-- Generated by org.testng.reporters.JUnitReportReporter -->
<testsuite hostname="DESKTOP-SK66PMM" failures="0" tests="4" name="selenium.Ques2" time="0.036" errors="0" timestamp="2 Jun 2023 06:27:49 GMT">
  <testcase classname="selenium.Ques2" name="division" time="0.004"/>
  <testcase classname="selenium.Ques2" name="add" time="0.005"/>
  <testcase classname="selenium.Ques2" name="subtract" time="0.025"/>
  <testcase classname="selenium.Ques2" name="multiply" time="0.002"/>
</testsuite> <!-- selenium.Ques2 -->
