<?xml version="1.0" encoding="UTF-8"?>
<!-- Generated by org.testng.reporters.JUnitReportReporter -->
<testsuite hostname="DESKTOP-SK66PMM" failures="0" tests="1" name="selenium.Day07" time="21.393" errors="0" timestamp="2 Jun 2023 05:14:21 GMT">
  <testcase classname="selenium.Day07" name="verifyTitle" time="21.393"/>
</testsuite> <!-- selenium.Day07 -->
