<?xml version="1.0" encoding="UTF-8"?>
<!-- Generated by org.testng.reporters.JUnitReportReporter -->
<testsuite hostname="DESKTOP-SK66PMM" failures="0" tests="1" name="selenium.Ques3" time="28.099" errors="0" timestamp="2 Jun 2023 07:13:03 GMT">
  <testcase classname="selenium.Ques3" name="underMethod" time="28.099"/>
</testsuite> <!-- selenium.Ques3 -->
